#!/bin/bash -v
#SBATCH --job-name=my_job
#SBATCH --cpus-per-task=4
#SBATCH --mem=16G
#SBATCH --nodes=1
#SBATCH --account=tik-highmem
#SBATCH --gres=gpu:1
#SBATCH --mail-type=ALL                           # mail configuration: NONE, BEGIN, END, FAIL, REQUEUE, ALL
#SBATCH --output=slurm_log/%j.out                 # where to store the output ( %j is the JOBID )
#SBATCH --error=slurm_log/%j.err                  # where to store error messages SBATCH --constraint='tesla_v100|geforce_rtx_3090'

/bin/echo Running on host: `hostname`
/bin/echo In directory: `/itet-stor/khaefeli/net_scratch/khaefeli_graph_ddpm/GraphScoreMatching_ddpm_discrete/GraphScoreMatching_ppgn`
/scratch/slurm/spool/job509618/slurm_script: line 13: /itet-stor/khaefeli/net_scratch/khaefeli_graph_ddpm/GraphScoreMatching_ddpm_discrete/GraphScoreMatching_ppgn: Is a directory
/bin/echo Starting on: `date`
/bin/echo SLURM_JOB_ID: $SLURM_JOB_ID
python3 ppgn_vlb.py -c config/gridsearch/consec_ppgn_1.7_16:34/gridsearch_ppgn_consec_planar_60_200_pkl_8,128_1_64_switched_True_1234.yaml
wandb: Currently logged in as: khaefeli (use `wandb login --relogin` to force relogin)
wandb: Appending key for api.wandb.ai to your netrc file: /home/khaefeli/.netrc
wandb: wandb version 0.12.20 is available!  To upgrade, please run:
wandb:  $ pip install wandb --upgrade
wandb: Tracking run with wandb version 0.12.15
wandb: Run data is saved locally in /usr/itetnas04/data-scratch-01/khaefeli/data/discrete_ddpm_graphs/wandb/run-20220701_163545-1wg4iik3
wandb: Run `wandb offline` to turn off syncing.
wandb: Syncing run revived-morning-1421
wandb: ⭐️ View project at https://wandb.ai/khaefeli/train_ppgn_consec_gridsearch
wandb: 🚀 View run at https://wandb.ai/khaefeli/train_ppgn_consec_gridsearch/runs/1wg4iik3
Traceback (most recent call last):
  File "/usr/itetnas04/data-scratch-01/khaefeli/data/discrete_ddpm_graphs/ppgn_vlb.py", line 521, in <module>
    train_main(config_dict, args)
  File "/usr/itetnas04/data-scratch-01/khaefeli/data/discrete_ddpm_graphs/ppgn_vlb.py", line 502, in train_main
    fit(model, optimizer, None, train_dl,
  File "/usr/itetnas04/data-scratch-01/khaefeli/data/discrete_ddpm_graphs/ppgn_vlb.py", line 177, in fit
    lastmmd[noisenum]={"degree": 0, "cluster": 0}
NameError: name 'lastmmd' is not defined
wandb: Waiting for W&B process to finish... (failed 1). Press Control-C to abort syncing.
wandb: - 0.000 MB of 0.000 MB uploaded (0.000 MB deduped)wandb: \ 0.000 MB of 0.001 MB uploaded (0.000 MB deduped)wandb: | 0.001 MB of 0.001 MB uploaded (0.000 MB deduped)wandb: / 0.001 MB of 0.017 MB uploaded (0.000 MB deduped)wandb: - 0.001 MB of 0.017 MB uploaded (0.000 MB deduped)wandb: \ 0.001 MB of 0.017 MB uploaded (0.000 MB deduped)wandb: | 0.017 MB of 0.017 MB uploaded (0.000 MB deduped)wandb: / 0.017 MB of 0.017 MB uploaded (0.000 MB deduped)wandb: - 0.017 MB of 0.017 MB uploaded (0.000 MB deduped)wandb: \ 0.017 MB of 0.017 MB uploaded (0.000 MB deduped)wandb: | 0.017 MB of 0.017 MB uploaded (0.000 MB deduped)wandb: / 0.017 MB of 0.017 MB uploaded (0.000 MB deduped)wandb: - 0.017 MB of 0.017 MB uploaded (0.000 MB deduped)wandb:                                                                                
wandb: Synced revived-morning-1421: https://wandb.ai/khaefeli/train_ppgn_consec_gridsearch/runs/1wg4iik3
wandb: Synced 6 W&B file(s), 0 media file(s), 0 artifact file(s) and 0 other file(s)
wandb: Find logs at: ./wandb/run-20220701_163545-1wg4iik3/logs
exit 0;
