#!/bin/bash -v
#SBATCH --job-name=my_job
#SBATCH --cpus-per-task=4
#SBATCH --mem=16G
#SBATCH --nodes=1
#SBATCH --account=tik-highmem
#SBATCH --gres=gpu:1
#SBATCH --mail-type=ALL                           # mail configuration: NONE, BEGIN, END, FAIL, REQUEUE, ALL
#SBATCH --output=slurm_log/%j.out                 # where to store the output ( %j is the JOBID )
#SBATCH --error=slurm_log/%j.err                  # where to store error messages SBATCH --constraint='tesla_v100|geforce_rtx_3090'

/bin/echo Running on host: `hostname`
/bin/echo In directory: `/itet-stor/khaefeli/net_scratch/khaefeli_graph_ddpm/GraphScoreMatching_ddpm_discrete/GraphScoreMatching_ppgn`
/scratch/slurm/spool/job509626/slurm_script: line 13: /itet-stor/khaefeli/net_scratch/khaefeli_graph_ddpm/GraphScoreMatching_ddpm_discrete/GraphScoreMatching_ppgn: Is a directory
/bin/echo Starting on: `date`
/bin/echo SLURM_JOB_ID: $SLURM_JOB_ID
python3 edp_simple.py -c config/gridsearch/consec_edp_1.7_16:42/gridsearch_edp_consec_ego_18_small_6,32_1_32_switched_True_1234.yaml
  File "/usr/itetnas04/data-scratch-01/khaefeli/data/discrete_ddpm_graphs/edp_simple.py", line 177
    for num_noiselevel in config.num_levels:
IndentationError: unexpected indent
exit 0;
