#!/bin/bash -v
#SBATCH --job-name=my_job
#SBATCH --cpus-per-task=4
#SBATCH --mem=16G
#SBATCH --nodes=1
#SBATCH --account=tik-highmem
#SBATCH --gres=gpu:1
#SBATCH --mail-type=ALL                           # mail configuration: NONE, BEGIN, END, FAIL, REQUEUE, ALL
#SBATCH --output=slurm_log/%j.out                 # where to store the output ( %j is the JOBID )
#SBATCH --error=slurm_log/%j.err                  # where to store error messages SBATCH --constraint='tesla_v100|geforce_rtx_3090'

/bin/echo Running on host: `hostname`
/bin/echo In directory: `/itet-stor/khaefeli/net_scratch/khaefeli_graph_ddpm/GraphScoreMatching_ddpm_discrete/GraphScoreMatching_ppgn`
/scratch/slurm/spool/job509643/slurm_script: line 13: /itet-stor/khaefeli/net_scratch/khaefeli_graph_ddpm/GraphScoreMatching_ddpm_discrete/GraphScoreMatching_ppgn: Is a directory
/bin/echo Starting on: `date`
/bin/echo SLURM_JOB_ID: $SLURM_JOB_ID
python3 edp_simple.py -c config/gridsearch/consec_edp_1.7_16:49/gridsearch_edp_consec_ego_18_small_6,32_1_32_switched_True_1234.yaml
wandb: Currently logged in as: khaefeli (use `wandb login --relogin` to force relogin)
wandb: wandb version 0.12.20 is available!  To upgrade, please run:
wandb:  $ pip install wandb --upgrade
wandb: Tracking run with wandb version 0.12.15
wandb: Run data is saved locally in /usr/itetnas04/data-scratch-01/khaefeli/data/discrete_ddpm_graphs/wandb/run-20220701_165024-fi0n31rm
wandb: Run `wandb offline` to turn off syncing.
wandb: Syncing run effortless-jazz-243
wandb: ⭐️ View project at https://wandb.ai/khaefeli/my-test-project
wandb: 🚀 View run at https://wandb.ai/khaefeli/my-test-project/runs/fi0n31rm
/itet-stor/khaefeli/net_scratch/conda_envs/SPECTRE/lib/python3.9/site-packages/torch/optim/lr_scheduler.py:154: UserWarning: The epoch parameter in `scheduler.step()` was not necessary and is being deprecated where possible. Please use `scheduler.step()` to step the scheduler. During the deprecation, if epoch is different from None, the closed form is used instead of the new chainable form, where available. Please open an issue if you are unable to replicate your use case: https://github.com/pytorch/pytorch/issues/new/choose.
  warnings.warn(EPOCH_DEPRECATION_WARNING, UserWarning)
/itet-stor/khaefeli/net_scratch/conda_envs/SPECTRE/lib/python3.9/site-packages/numpy/core/fromnumeric.py:3440: RuntimeWarning: Mean of empty slice.
  return _methods._mean(a, axis=axis, dtype=dtype,
/itet-stor/khaefeli/net_scratch/conda_envs/SPECTRE/lib/python3.9/site-packages/numpy/core/_methods.py:189: RuntimeWarning: invalid value encountered in double_scalars
  ret = ret.dtype.type(ret / rcount)
slurmstepd: error: *** JOB 509643 ON tikgpu07 CANCELLED AT 2022-07-01T17:42:26 ***
